<?xml version="1.0" encoding="UTF-8"?>
<testsuite xmlns:xsi="http://www.w3.org/2001/XMLSchema-instance" xsi:noNamespaceSchemaLocation="https://maven.apache.org/surefire/maven-surefire-plugin/xsd/surefire-test-report-3.0.xsd" version="3.0" name="com.oreoluwa.HNG2.Hng2ApplicationTests" time="18.468" tests="1" errors="0" skipped="0" failures="0">
  <properties>
[...]
</properties>
  <testcase name="contextLoads" classname="com.oreoluwa.HNG2.Hng2ApplicationTests" time="0.94">
    <system-out><![CDATA[14:18:12.148 [main] INFO org.springframework.test.context.support.AnnotationConfigContextLoaderUtils -- Could not detect default configuration classes for test class [com.oreoluwa.HNG2.Hng2ApplicationTests]: Hng2ApplicationTests does not declare any static, non-private, non-final, nested classes annotated with @Configuration.
14:18:12.413 [main] INFO org.springframework.boot.test.context.SpringBootTestContextBootstrapper -- Found @SpringBootConfiguration com.oreoluwa.HNG2.Hng2Application for test class com.oreoluwa.HNG2.Hng2ApplicationTests

  .   ____          _            __ _ _
 /\\ / ___'_ __ _ _(_)_ __  __ _ \ \ \ \
( ( )\___ | '_ | '_| | '_ \/ _` | \ \ \ \
 \\/  ___)| |_)| | | | | || (_| |  ) ) ) )
  '  |____| .__|_| |_|_| |_\__, | / / / /
 =========|_|==============|___/=/_/_/_/
 :: Spring Boot ::                (v3.1.3)

2023-09-11T14:18:13.460+01:00  INFO 2266 --- [           main] com.oreoluwa.HNG2.Hng2ApplicationTests   : Starting Hng2ApplicationTests using Java 18.0.1.1 with PID 2266 (started by mac in /Users/mac/Downloads/HNG2)
2023-09-11T14:18:13.463+01:00  INFO 2266 --- [           main] com.oreoluwa.HNG2.Hng2ApplicationTests   : No active profile set, falling back to 1 default profile: "default"
2023-09-11T14:18:14.834+01:00  INFO 2266 --- [           main] .s.d.r.c.RepositoryConfigurationDelegate : Bootstrapping Spring Data JPA repositories in DEFAULT mode.
2023-09-11T14:18:14.951+01:00  INFO 2266 --- [           main] .s.d.r.c.RepositoryConfigurationDelegate : Finished Spring Data repository scanning in 99 ms. Found 1 JPA repository interfaces.
2023-09-11T14:18:16.099+01:00  INFO 2266 --- [           main] o.hibernate.jpa.internal.util.LogHelper  : HHH000204: Processing PersistenceUnitInfo [name: default]
2023-09-11T14:18:16.257+01:00  INFO 2266 --- [           main] org.hibernate.Version                    : HHH000412: Hibernate ORM core version 6.2.7.Final
2023-09-11T14:18:16.261+01:00  INFO 2266 --- [           main] org.hibernate.cfg.Environment            : HHH000406: Using bytecode reflection optimizer
2023-09-11T14:18:16.726+01:00  INFO 2266 --- [           main] o.h.b.i.BytecodeProviderInitiator        : HHH000021: Bytecode provider name : bytebuddy
2023-09-11T14:18:17.330+01:00  INFO 2266 --- [           main] o.s.o.j.p.SpringPersistenceUnitInfo      : No LoadTimeWeaver setup: ignoring JPA class transformer
2023-09-11T14:18:17.364+01:00  INFO 2266 --- [           main] com.zaxxer.hikari.HikariDataSource       : HikariPool-1 - Starting...
2023-09-11T14:18:21.066+01:00  INFO 2266 --- [           main] com.zaxxer.hikari.pool.HikariPool        : HikariPool-1 - Added connection org.postgresql.jdbc.PgConnection@59e7564b
2023-09-11T14:18:21.069+01:00  INFO 2266 --- [           main] com.zaxxer.hikari.HikariDataSource       : HikariPool-1 - Start completed.
2023-09-11T14:18:23.343+01:00  INFO 2266 --- [           main] o.h.b.i.BytecodeProviderInitiator        : HHH000021: Bytecode provider name : bytebuddy
2023-09-11T14:18:25.894+01:00  INFO 2266 --- [           main] o.h.e.t.j.p.i.JtaPlatformInitiator       : HHH000490: Using JtaPlatform implementation: [org.hibernate.engine.transaction.jta.platform.internal.NoJtaPlatform]
2023-09-11T14:18:26.920+01:00  INFO 2266 --- [           main] j.LocalContainerEntityManagerFactoryBean : Initialized JPA EntityManagerFactory for persistence unit 'default'
2023-09-11T14:18:28.366+01:00  WARN 2266 --- [           main] JpaBaseConfiguration$JpaWebConfiguration : spring.jpa.open-in-view is enabled by default. Therefore, database queries may be performed during view rendering. Explicitly configure spring.jpa.open-in-view to disable this warning
2023-09-11T14:18:29.161+01:00  INFO 2266 --- [           main] com.oreoluwa.HNG2.Hng2ApplicationTests   : Started Hng2ApplicationTests in 16.365 seconds (process running for 18.677)
]]></system-out>
  </testcase>
</testsuite>